--- Copying all files to /root/.m2 at Sun Jul 27 05:07:26 PM UTC 2025
'./settings-docker.xml' -> '/root/.m2/./settings-docker.xml'

--- Copying individual files to /root/.m2 at Sun Jul 27 05:11:01 PM UTC 2025

--- Copying individual files to /root/.m2 at Sun Jul 27 05:19:43 PM UTC 2025

--- Copying individual files to /root/.m2 at Sun Jul 27 05:21:43 PM UTC 2025

--- Copying individual files to /root/.m2 at Sun Jul 27 06:08:32 PM UTC 2025

--- Copying individual files to /root/.m2 at Sun Jul 27 06:10:00 PM UTC 2025

--- Copying individual files to /root/.m2 at Sun Jul 27 06:10:32 PM UTC 2025

--- Copying individual files to /root/.m2 at Sun Jul 27 06:11:43 PM UTC 2025

--- Copying individual files to /root/.m2 at Sun Jul 27 06:16:03 PM UTC 2025

--- Copying individual files to /root/.m2 at Sun Jul 27 06:19:53 PM UTC 2025

--- Copying individual files to /root/.m2 at Sun Jul 27 06:51:06 PM UTC 2025

--- Copying individual files to /root/.m2 at Sun Jul 27 06:53:19 PM UTC 2025

--- Copying individual files to /root/.m2 at Sun Jul 27 06:54:21 PM UTC 2025

--- Copying individual files to /root/.m2 at Sun Jul 27 06:55:23 PM UTC 2025

--- Copying individual files to /root/.m2 at Sun Jul 27 06:56:03 PM UTC 2025

--- Copying individual files to /root/.m2 at Sun Jul 27 06:57:21 PM UTC 2025

--- Copying individual files to /root/.m2 at Sun Jul 27 06:58:25 PM UTC 2025

--- Copying individual files to /root/.m2 at Sun Jul 27 06:58:42 PM UTC 2025

--- Copying individual files to /root/.m2 at Sun Jul 27 07:01:18 PM UTC 2025

--- Copying individual files to /root/.m2 at Sat Aug  2 11:22:44 AM UTC 2025

--- Copying individual files to /root/.m2 at Sat Aug  2 11:37:58 AM UTC 2025

--- Copying individual files to /root/.m2 at Sat Aug  2 11:38:57 AM UTC 2025

--- Copying individual files to /root/.m2 at Sat Aug  2 11:39:06 AM UTC 2025

--- Copying individual files to /root/.m2 at Sat Aug  2 11:40:47 AM UTC 2025

--- Copying individual files to /root/.m2 at Sat Aug  2 11:41:47 AM UTC 2025

--- Copying individual files to /root/.m2 at Sat Aug  2 11:42:35 AM UTC 2025

--- Copying individual files to /root/.m2 at Sat Aug  2 11:44:40 AM UTC 2025

--- Copying individual files to /root/.m2 at Sat Aug  2 11:49:27 AM UTC 2025

--- Copying individual files to /root/.m2 at Sat Aug  2 11:51:12 AM UTC 2025

--- Copying individual files to /root/.m2 at Sat Aug  2 11:59:50 AM UTC 2025

--- Copying individual files to /root/.m2 at Sat Aug  2 12:01:31 PM UTC 2025

--- Copying individual files to /root/.m2 at Sat Aug  2 12:05:23 PM UTC 2025

--- Copying individual files to /root/.m2 at Sat Aug  2 12:10:51 PM UTC 2025

--- Copying individual files to /root/.m2 at Sat Aug  2 12:11:50 PM UTC 2025

--- Copying individual files to /root/.m2 at Sat Aug  2 12:13:42 PM UTC 2025

--- Copying individual files to /root/.m2 at Sat Aug  2 12:23:07 PM UTC 2025

